<?xml version="1.0" encoding="UTF-8"?>
<!-- Generated by org.testng.reporters.JUnitXMLReporter -->
<testsuite hostname="LAPTOP-6R2ID37A" name="Entrar Admin Module" tests="3" failures="3" timestamp="19 Sep 2022 10:32:29 GMT" time="2.68" errors="0">
  <testcase name="initialization" time="2.604" classname="biz.entrar.test.LoginTests">
    <failure type="org.openqa.selenium.WebDriverException" message="Unable to parse remote response: &amp;lt;html&amp;gt;
&amp;lt;head&amp;gt;
&amp;lt;meta http-equiv=&amp;quot;Content-Type&amp;quot; content=&amp;quot;text/html;charset=utf-8&amp;quot;/&amp;gt;
&amp;lt;title&amp;gt;Error 403 No valid crumb was included in the request&amp;lt;/title&amp;gt;
&amp;lt;/head&amp;gt;
&amp;lt;body&amp;gt;&amp;lt;h2&amp;gt;HTTP ERROR 403 No valid crumb was included in the request&amp;lt;/h2&amp;gt;
&amp;lt;table&amp;gt;
&amp;lt;tr&amp;gt;&amp;lt;th&amp;gt;URI:&amp;lt;/th&amp;gt;&amp;lt;td&amp;gt;/wd/hub/session&amp;lt;/td&amp;gt;&amp;lt;/tr&amp;gt;
&amp;lt;tr&amp;gt;&amp;lt;th&amp;gt;STATUS:&amp;lt;/th&amp;gt;&amp;lt;td&amp;gt;403&amp;lt;/td&amp;gt;&amp;lt;/tr&amp;gt;
&amp;lt;tr&amp;gt;&amp;lt;th&amp;gt;MESSAGE:&amp;lt;/th&amp;gt;&amp;lt;td&amp;gt;No valid crumb was included in the request&amp;lt;/td&amp;gt;&amp;lt;/tr&amp;gt;
&amp;lt;tr&amp;gt;&amp;lt;th&amp;gt;SERVLET:&amp;lt;/th&amp;gt;&amp;lt;td&amp;gt;Stapler&amp;lt;/td&amp;gt;&amp;lt;/tr&amp;gt;
&amp;lt;/table&amp;gt;
&amp;lt;hr&amp;gt;&amp;lt;a href=&amp;quot;https://eclipse.org/jetty&amp;quot;&amp;gt;Powered by Jetty:// 9.4.43.v20210629&amp;lt;/a&amp;gt;&amp;lt;hr/&amp;gt;

&amp;lt;/body&amp;gt;
&amp;lt;/html&amp;gt;
">
      <![CDATA[org.openqa.selenium.WebDriverException: Unable to parse remote response: <html>
<head>
<meta http-equiv="Content-Type" content="text/html;charset=utf-8"/>
<title>Error 403 No valid crumb was included in the request</title>
</head>
<body><h2>HTTP ERROR 403 No valid crumb was included in the request</h2>
<table>
<tr><th>URI:</th><td>/wd/hub/session</td></tr>
<tr><th>STATUS:</th><td>403</td></tr>
<tr><th>MESSAGE:</th><td>No valid crumb was included in the request</td></tr>
<tr><th>SERVLET:</th><td>Stapler</td></tr>
</table>
<hr><a href="https://eclipse.org/jetty">Powered by Jetty:// 9.4.43.v20210629</a><hr/>

</body>
</html>

	at org.openqa.selenium.remote.ProtocolHandshake.createSession(ProtocolHandshake.java:111)
	at org.openqa.selenium.remote.ProtocolHandshake.createSession(ProtocolHandshake.java:73)
	at org.openqa.selenium.remote.HttpCommandExecutor.execute(HttpCommandExecutor.java:136)
	at org.openqa.selenium.remote.RemoteWebDriver.execute(RemoteWebDriver.java:548)
	at org.openqa.selenium.remote.RemoteWebDriver.startSession(RemoteWebDriver.java:212)
	at org.openqa.selenium.remote.RemoteWebDriver.<init>(RemoteWebDriver.java:130)
	at org.openqa.selenium.remote.RemoteWebDriver.<init>(RemoteWebDriver.java:143)
	at biz.entrarBase.BaseTest.initialization(BaseTest.java:84)
	at biz.entrar.test.LoginTests.initialization(LoginTests.java:66)
	at java.util.concurrent.FutureTask.run(FutureTask.java:266)
	at java.util.concurrent.ThreadPoolExecutor.runWorker(ThreadPoolExecutor.java:1149)
	at java.util.concurrent.ThreadPoolExecutor$Worker.run(ThreadPoolExecutor.java:624)
	at java.lang.Thread.run(Thread.java:748)
Caused by: org.openqa.selenium.json.JsonException: Unable to determine type from: <. Last 1 characters read: <
Build info: version: '3.14.0', revision: 'aacccce0', time: '2018-08-02T20:19:58.91Z'
System info: host: 'LAPTOP-6R2ID37A', ip: '192.168.0.106', os.name: 'Windows 10', os.arch: 'amd64', os.version: '10.0', java.version: '1.8.0_251'
Driver info: driver.version: RemoteWebDriver
	at org.openqa.selenium.json.JsonInput.peek(JsonInput.java:121)
	at org.openqa.selenium.json.JsonTypeCoercer.lambda$null$6(JsonTypeCoercer.java:137)
	at org.openqa.selenium.json.JsonTypeCoercer.coerce(JsonTypeCoercer.java:123)
	at org.openqa.selenium.json.Json.toType(Json.java:60)
	at org.openqa.selenium.json.Json.toType(Json.java:50)
	at org.openqa.selenium.remote.ProtocolHandshake.createSession(ProtocolHandshake.java:108)
	... 28 more
... Removed 16 stack frames]]>
    </failure>
  </testcase> <!-- initialization -->
  <testcase name="validCredentialsAdmin" time="0.039" classname="biz.entrar.test.LoginTests">
    <failure type="java.lang.NullPointerException">
      <![CDATA[java.lang.NullPointerException
	at biz.entrar.pagesPOM.Login_page.username(Login_page.java:50)
	at biz.entrar.test.LoginTests.validCredentialsAdmin(LoginTests.java:81)
	at java.util.concurrent.FutureTask.run(FutureTask.java:266)
	at java.util.concurrent.ThreadPoolExecutor.runWorker(ThreadPoolExecutor.java:1149)
	at java.util.concurrent.ThreadPoolExecutor$Worker.run(ThreadPoolExecutor.java:624)
	at java.lang.Thread.run(Thread.java:748)
... Removed 16 stack frames]]>
    </failure>
  </testcase> <!-- validCredentialsAdmin -->
  <testcase name="StudentLogin" time="0.002" classname="biz.entrar.test.OnlineAssessment">
    <failure type="java.lang.NullPointerException">
      <![CDATA[java.lang.NullPointerException
	at biz.entrar.pagesPOM.Login_page.username(Login_page.java:50)
	at biz.entrar.test.OnlineAssessment.StudentloginG(OnlineAssessment.java:363)
	at biz.entrar.test.OnlineAssessment.StudentLogin(OnlineAssessment.java:374)
	at java.util.concurrent.FutureTask.run(FutureTask.java:266)
	at java.util.concurrent.ThreadPoolExecutor.runWorker(ThreadPoolExecutor.java:1149)
	at java.util.concurrent.ThreadPoolExecutor$Worker.run(ThreadPoolExecutor.java:624)
	at java.lang.Thread.run(Thread.java:748)
... Removed 16 stack frames]]>
    </failure>
  </testcase> <!-- StudentLogin -->
</testsuite> <!-- Entrar Admin Module -->
